<?xml version="1.0" encoding="UTF-8" ?>
<testsuite failures="0" time="38.088" errors="0" skipped="0" tests="118" name="org.apache.pdfbox.TestAll">
  <properties>
[...]
</properties>
  <testcase time="0.011" classname="org.apache.pdfbox.util.TestDateUtil" name="testExtract"/>
  <testcase time="0.001" classname="org.apache.pdfbox.util.TestDateUtil" name="testDateConversion"/>
  <testcase time="0.001" classname="org.apache.pdfbox.util.TestDateUtil" name="testDateConverter"/>
  <testcase time="0.001" classname="org.apache.pdfbox.util.TestMatrix" name="testConstructionAndCopy"/>
  <testcase time="0" classname="org.apache.pdfbox.util.TestMatrix" name="testMultiplication"/>
  <testcase time="0.905" classname="org.apache.pdfbox.filter.TestFilters" name="testFilters"/>
  <testcase time="0" classname="org.apache.pdfbox.pdmodel.TestFDF" name="testFDFfdeb"/>
  <testcase time="0" classname="org.apache.pdfbox.pdmodel.TestFDF" name="testFDFPDFWithLotsOfFields"/>
  <testcase time="0" classname="org.apache.pdfbox.pdmodel.TestFDF" name="testFDFFreedomExpressions"/>
  <testcase time="0.003" classname="org.apache.pdfbox.pdmodel.interactive.form.TestFields" name="testFlags"/>
  <testcase time="0" classname="org.apache.pdfbox.cos.TestCOSString" name="testStaticMembers"/>
  <testcase time="0" classname="org.apache.pdfbox.cos.TestCOSString" name="testSetForceHexLiteralForm"/>
  <testcase time="0" classname="org.apache.pdfbox.cos.TestCOSString" name="testCreateFromHexString"/>
  <testcase time="0" classname="org.apache.pdfbox.cos.TestCOSString" name="testGetHex"/>
  <testcase time="0.001" classname="org.apache.pdfbox.cos.TestCOSString" name="testGetString"/>
  <testcase time="0.001" classname="org.apache.pdfbox.cos.TestCOSString" name="testAppend"/>
  <testcase time="0" classname="org.apache.pdfbox.cos.TestCOSString" name="testReset"/>
  <testcase time="0" classname="org.apache.pdfbox.cos.TestCOSString" name="testGetBytes"/>
  <testcase time="0.001" classname="org.apache.pdfbox.cos.TestCOSString" name="testWritePDF"/>
  <testcase time="0.001" classname="org.apache.pdfbox.cos.TestCOSString" name="testUnicode"/>
  <testcase time="0.014" classname="org.apache.pdfbox.cos.TestCOSString" name="testAccept"/>
  <testcase time="0.001" classname="org.apache.pdfbox.cos.TestCOSString" name="testEquals"/>
  <testcase time="0" classname="org.apache.pdfbox.cos.TestCOSString" name="testHashCode"/>
  <testcase time="0.001" classname="org.apache.pdfbox.cos.TestCOSString" name="testGetFilterManager"/>
  <testcase time="0" classname="org.apache.pdfbox.cos.TestCOSString" name="testGetCOSObject"/>
  <testcase time="0" classname="org.apache.pdfbox.cos.TestCOSString" name="testIsSetNeedToBeUpdate"/>
  <testcase time="0" classname="org.apache.pdfbox.cos.TestCOSString" name="testIsSetDirect"/>
  <testcase time="0.001" classname="org.apache.pdfbox.cos.TestCOSInteger" name="testWritePDF"/>
  <testcase time="0.001" classname="org.apache.pdfbox.cos.TestCOSInteger" name="testAccept"/>
  <testcase time="0.001" classname="org.apache.pdfbox.cos.TestCOSInteger" name="testEquals"/>
  <testcase time="0" classname="org.apache.pdfbox.cos.TestCOSInteger" name="testHashCode"/>
  <testcase time="0.001" classname="org.apache.pdfbox.cos.TestCOSInteger" name="testFloatValue"/>
  <testcase time="0" classname="org.apache.pdfbox.cos.TestCOSInteger" name="testDoubleValue"/>
  <testcase time="0" classname="org.apache.pdfbox.cos.TestCOSInteger" name="testIntValue"/>
  <testcase time="0" classname="org.apache.pdfbox.cos.TestCOSInteger" name="testLongValue"/>
  <testcase time="0" classname="org.apache.pdfbox.cos.TestCOSInteger" name="testGet"/>
  <testcase time="0.001" classname="org.apache.pdfbox.cos.TestCOSInteger" name="testGetFilterManager"/>
  <testcase time="0" classname="org.apache.pdfbox.cos.TestCOSInteger" name="testGetCOSObject"/>
  <testcase time="0" classname="org.apache.pdfbox.cos.TestCOSInteger" name="testIsSetNeedToBeUpdate"/>
  <testcase time="0" classname="org.apache.pdfbox.cos.TestCOSInteger" name="testIsSetDirect"/>
  <testcase time="0.003" classname="org.apache.pdfbox.cos.TestCOSFloat" name="testWritePDF"/>
  <testcase time="0.01" classname="org.apache.pdfbox.cos.TestCOSFloat" name="testAccept"/>
  <testcase time="0.001" classname="org.apache.pdfbox.cos.TestCOSFloat" name="testEquals"/>
  <testcase time="0" classname="org.apache.pdfbox.cos.TestCOSFloat" name="testHashCode"/>
  <testcase time="0" classname="org.apache.pdfbox.cos.TestCOSFloat" name="testFloatValue"/>
  <testcase time="0" classname="org.apache.pdfbox.cos.TestCOSFloat" name="testDoubleValue"/>
  <testcase time="0" classname="org.apache.pdfbox.cos.TestCOSFloat" name="testIntValue"/>
  <testcase time="0" classname="org.apache.pdfbox.cos.TestCOSFloat" name="testLongValue"/>
  <testcase time="0" classname="org.apache.pdfbox.cos.TestCOSFloat" name="testGet"/>
  <testcase time="0" classname="org.apache.pdfbox.cos.TestCOSFloat" name="testGetFilterManager"/>
  <testcase time="0" classname="org.apache.pdfbox.cos.TestCOSFloat" name="testGetCOSObject"/>
  <testcase time="0" classname="org.apache.pdfbox.cos.TestCOSFloat" name="testIsSetNeedToBeUpdate"/>
  <testcase time="0" classname="org.apache.pdfbox.cos.TestCOSFloat" name="testIsSetDirect"/>
  <testcase time="0.177" classname="org.apache.pdfbox.pdmodel.TestPDDocumentCatalog" name="testPageLabels"/>
  <testcase time="0.012" classname="org.apache.pdfbox.pdmodel.TestPDDocumentCatalog" name="testLabelsOnMalformedPdf"/>
  <testcase time="0.018" classname="org.apache.pdfbox.pdmodel.TestPDDocumentCatalog" name="testGetNumberOfPages"/>
  <testcase time="0.063" classname="org.apache.pdfbox.pdmodel.TestPDDocumentCatalog" name="testPageMap"/>
  <testcase time="0.006" classname="org.apache.pdfbox.pdmodel.TestPDDocumentInformation" name="testMetadataExtraction"/>
  <testcase time="0.092" classname="org.apache.pdfbox.pdmodel.graphics.optionalcontent.TestOptionalContentGroups" name="testOCGGeneration"/>
  <testcase time="0.002" classname="org.apache.pdfbox.pdmodel.graphics.optionalcontent.TestOptionalContentGroups" name="testOCGConsumption"/>
  <testcase time="0.069" classname="org.apache.pdfbox.util.TestLayerUtility" name="testLayerImport"/>
  <testcase time="0.001" classname="org.apache.pdfbox.TestTextToPdf" name="testCreateEmptyPdf"/>
  <testcase time="0.054" classname="org.apache.pdfbox.pdmodel.common.function.type4.TestOperators" name="testAdd"/>
  <testcase time="0.001" classname="org.apache.pdfbox.pdmodel.common.function.type4.TestOperators" name="testAbs"/>
  <testcase time="0" classname="org.apache.pdfbox.pdmodel.common.function.type4.TestOperators" name="testAnd"/>
  <testcase time="0.001" classname="org.apache.pdfbox.pdmodel.common.function.type4.TestOperators" name="testAtan"/>
  <testcase time="0" classname="org.apache.pdfbox.pdmodel.common.function.type4.TestOperators" name="testCeiling"/>
  <testcase time="0" classname="org.apache.pdfbox.pdmodel.common.function.type4.TestOperators" name="testCos"/>
  <testcase time="0.001" classname="org.apache.pdfbox.pdmodel.common.function.type4.TestOperators" name="testCvi"/>
  <testcase time="0" classname="org.apache.pdfbox.pdmodel.common.function.type4.TestOperators" name="testCvr"/>
  <testcase time="0" classname="org.apache.pdfbox.pdmodel.common.function.type4.TestOperators" name="testDiv"/>
  <testcase time="0" classname="org.apache.pdfbox.pdmodel.common.function.type4.TestOperators" name="testExp"/>
  <testcase time="0" classname="org.apache.pdfbox.pdmodel.common.function.type4.TestOperators" name="testFloor"/>
  <testcase time="0.001" classname="org.apache.pdfbox.pdmodel.common.function.type4.TestOperators" name="testIDiv"/>
  <testcase time="0" classname="org.apache.pdfbox.pdmodel.common.function.type4.TestOperators" name="testLn"/>
  <testcase time="0" classname="org.apache.pdfbox.pdmodel.common.function.type4.TestOperators" name="testLog"/>
  <testcase time="0.001" classname="org.apache.pdfbox.pdmodel.common.function.type4.TestOperators" name="testMod"/>
  <testcase time="0.001" classname="org.apache.pdfbox.pdmodel.common.function.type4.TestOperators" name="testMul"/>
  <testcase time="0.001" classname="org.apache.pdfbox.pdmodel.common.function.type4.TestOperators" name="testNeg"/>
  <testcase time="0.001" classname="org.apache.pdfbox.pdmodel.common.function.type4.TestOperators" name="testRound"/>
  <testcase time="0" classname="org.apache.pdfbox.pdmodel.common.function.type4.TestOperators" name="testSin"/>
  <testcase time="0" classname="org.apache.pdfbox.pdmodel.common.function.type4.TestOperators" name="testSqrt"/>
  <testcase time="0.001" classname="org.apache.pdfbox.pdmodel.common.function.type4.TestOperators" name="testSub"/>
  <testcase time="0" classname="org.apache.pdfbox.pdmodel.common.function.type4.TestOperators" name="testTruncate"/>
  <testcase time="0" classname="org.apache.pdfbox.pdmodel.common.function.type4.TestOperators" name="testBitshift"/>
  <testcase time="0" classname="org.apache.pdfbox.pdmodel.common.function.type4.TestOperators" name="testEq"/>
  <testcase time="0" classname="org.apache.pdfbox.pdmodel.common.function.type4.TestOperators" name="testGe"/>
  <testcase time="0.001" classname="org.apache.pdfbox.pdmodel.common.function.type4.TestOperators" name="testGt"/>
  <testcase time="0" classname="org.apache.pdfbox.pdmodel.common.function.type4.TestOperators" name="testLe"/>
  <testcase time="0.001" classname="org.apache.pdfbox.pdmodel.common.function.type4.TestOperators" name="testLt"/>
  <testcase time="0" classname="org.apache.pdfbox.pdmodel.common.function.type4.TestOperators" name="testNe"/>
  <testcase time="0" classname="org.apache.pdfbox.pdmodel.common.function.type4.TestOperators" name="testNot"/>
  <testcase time="0.001" classname="org.apache.pdfbox.pdmodel.common.function.type4.TestOperators" name="testOr"/>
  <testcase time="0" classname="org.apache.pdfbox.pdmodel.common.function.type4.TestOperators" name="testXor"/>
  <testcase time="0" classname="org.apache.pdfbox.pdmodel.common.function.type4.TestOperators" name="testIf"/>
  <testcase time="0.001" classname="org.apache.pdfbox.pdmodel.common.function.type4.TestOperators" name="testIfElse"/>
  <testcase time="0.001" classname="org.apache.pdfbox.pdmodel.common.function.type4.TestOperators" name="testCopy"/>
  <testcase time="0" classname="org.apache.pdfbox.pdmodel.common.function.type4.TestOperators" name="testDup"/>
  <testcase time="0.001" classname="org.apache.pdfbox.pdmodel.common.function.type4.TestOperators" name="testExch"/>
  <testcase time="0" classname="org.apache.pdfbox.pdmodel.common.function.type4.TestOperators" name="testIndex"/>
  <testcase time="0.001" classname="org.apache.pdfbox.pdmodel.common.function.type4.TestOperators" name="testPop"/>
  <testcase time="0.001" classname="org.apache.pdfbox.pdmodel.common.function.type4.TestOperators" name="testRoll"/>
  <testcase time="0.001" classname="org.apache.pdfbox.pdmodel.common.function.type4.TestParser" name="testParserBasics"/>
  <testcase time="0" classname="org.apache.pdfbox.pdmodel.common.function.type4.TestParser" name="testNested"/>
  <testcase time="0" classname="org.apache.pdfbox.pdmodel.common.function.type4.TestParser" name="testParseFloat"/>
  <testcase time="0" classname="org.apache.pdfbox.pdmodel.common.function.type4.TestParser" name="testJira804"/>
  <testcase time="0.006" classname="org.apache.pdfbox.pdmodel.common.function.TestPDFunctionType4" name="testFunctionSimple"/>
  <testcase time="0" classname="org.apache.pdfbox.pdmodel.common.function.TestPDFunctionType4" name="testFunctionArgumentOrder"/>
  <testcase time="0.001" classname="org.apache.pdfbox.io.TestIOUtils" name="testPopulateBuffer"/>
  <testcase time="36.446" classname="org.apache.pdfbox.util.TestImageIOUtils" name="testRenderImage"/>
  <testcase time="0.002" classname="org.apache.pdfbox.io.ccitt.TestPackedBitArray" name="testPackedBitArray"/>
  <testcase time="0.006" classname="org.apache.pdfbox.io.ccitt.TestCCITTFaxG31DDecodeInputStream" name="testDecoderNaked"/>
  <testcase time="0.001" classname="org.apache.pdfbox.io.ccitt.TestCCITTFaxG31DDecodeInputStream" name="testDecoderWithEOL"/>
  <testcase time="0" classname="org.apache.pdfbox.io.ccitt.TestCCITTFaxG31DDecodeInputStream" name="testDecoderAlignedWithRTC"/>
  <testcase time="0.001" classname="org.apache.pdfbox.io.ccitt.TestCCITTFaxG31DDecodeInputStream" name="testDecoderInitialEOL"/>
  <testcase time="0" classname="org.apache.pdfbox.io.ccitt.TestCCITTFaxG31DDecodeInputStream" name="testDecoderRowsRestriction"/>
  <testcase time="0.001" classname="org.apache.pdfbox.io.ccitt.TestCCITTFaxG31DDecodeInputStream" name="testDecoderWhiteLines"/>
  <testcase time="0.059" classname="org.apache.pdfbox.TestExtractText" name="testEmbeddedPDFs"/>
</testsuite>